<?xml version="1.0" encoding="UTF-8"?>
<testng-results ignored="0" total="1" passed="1" failed="0" skipped="0">
  <reporter-output>
    <line>
      <![CDATA[[Apr, Aug, Dec, Feb, Jan, Jul, Jun, Mar, May, Nov, Oct, Sep]]]>
    </line>
    <line>
      <![CDATA[Apr]]>
    </line>
    <line>
      <![CDATA[Aug]]>
    </line>
    <line>
      <![CDATA[Dec]]>
    </line>
    <line>
      <![CDATA[Feb]]>
    </line>
    <line>
      <![CDATA[Jan]]>
    </line>
    <line>
      <![CDATA[Jul]]>
    </line>
    <line>
      <![CDATA[Jun]]>
    </line>
    <line>
      <![CDATA[Mar]]>
    </line>
    <line>
      <![CDATA[May]]>
    </line>
    <line>
      <![CDATA[Nov]]>
    </line>
    <line>
      <![CDATA[Oct]]>
    </line>
    <line>
      <![CDATA[Sep]]>
    </line>
    <line>
      <![CDATA[[Apr, Aug, Dec, Feb, Jan, Jul, Jun, Mar, May, Nov, Oct, Sep]]]>
    </line>
    <line>
      <![CDATA[Sep]]>
    </line>
    <line>
      <![CDATA[Oct]]>
    </line>
    <line>
      <![CDATA[Nov]]>
    </line>
    <line>
      <![CDATA[May]]>
    </line>
    <line>
      <![CDATA[Mar]]>
    </line>
    <line>
      <![CDATA[Jun]]>
    </line>
    <line>
      <![CDATA[Jul]]>
    </line>
    <line>
      <![CDATA[Jan]]>
    </line>
    <line>
      <![CDATA[Feb]]>
    </line>
    <line>
      <![CDATA[Dec]]>
    </line>
    <line>
      <![CDATA[Aug]]>
    </line>
    <line>
      <![CDATA[Apr]]>
    </line>
    <line>
      <![CDATA[[Sep, Oct, Nov, May, Mar, Jun, Jul, Jan, Feb, Dec, Aug, Apr]]]>
    </line>
  </reporter-output>
  <suite started-at="2024-03-11T08:19:35 IST" name="Default suite" finished-at="2024-03-11T08:19:42 IST" duration-ms="6801">
    <groups>
    </groups>
    <test started-at="2024-03-11T08:19:35 IST" name="Default test" finished-at="2024-03-11T08:19:42 IST" duration-ms="6801">
      <class name="Task.FB_dd">
        <test-method signature="dd_sort()[pri:0, instance:Task.FB_dd@4de4b452]" started-at="2024-03-11T08:19:35 IST" name="dd_sort" finished-at="2024-03-11T08:19:42 IST" duration-ms="6762" status="PASS">
          <reporter-output>
            <line>
              <![CDATA[[Apr, Aug, Dec, Feb, Jan, Jul, Jun, Mar, May, Nov, Oct, Sep]]]>
            </line>
            <line>
              <![CDATA[Apr]]>
            </line>
            <line>
              <![CDATA[Aug]]>
            </line>
            <line>
              <![CDATA[Dec]]>
            </line>
            <line>
              <![CDATA[Feb]]>
            </line>
            <line>
              <![CDATA[Jan]]>
            </line>
            <line>
              <![CDATA[Jul]]>
            </line>
            <line>
              <![CDATA[Jun]]>
            </line>
            <line>
              <![CDATA[Mar]]>
            </line>
            <line>
              <![CDATA[May]]>
            </line>
            <line>
              <![CDATA[Nov]]>
            </line>
            <line>
              <![CDATA[Oct]]>
            </line>
            <line>
              <![CDATA[Sep]]>
            </line>
            <line>
              <![CDATA[[Apr, Aug, Dec, Feb, Jan, Jul, Jun, Mar, May, Nov, Oct, Sep]]]>
            </line>
            <line>
              <![CDATA[Sep]]>
            </line>
            <line>
              <![CDATA[Oct]]>
            </line>
            <line>
              <![CDATA[Nov]]>
            </line>
            <line>
              <![CDATA[May]]>
            </line>
            <line>
              <![CDATA[Mar]]>
            </line>
            <line>
              <![CDATA[Jun]]>
            </line>
            <line>
              <![CDATA[Jul]]>
            </line>
            <line>
              <![CDATA[Jan]]>
            </line>
            <line>
              <![CDATA[Feb]]>
            </line>
            <line>
              <![CDATA[Dec]]>
            </line>
            <line>
              <![CDATA[Aug]]>
            </line>
            <line>
              <![CDATA[Apr]]>
            </line>
            <line>
              <![CDATA[[Sep, Oct, Nov, May, Mar, Jun, Jul, Jan, Feb, Dec, Aug, Apr]]]>
            </line>
          </reporter-output>
        </test-method> <!-- dd_sort -->
      </class> <!-- Task.FB_dd -->
    </test> <!-- Default test -->
  </suite> <!-- Default suite -->
</testng-results>
