<?xml version="1.0" encoding="UTF-8"?>
<!-- Generated by org.testng.reporters.JUnitXMLReporter -->
<testsuite ignored="2" hostname="DAYA" failures="0" tests="2" name="Test" time="0.051" errors="0" timestamp="2024-03-05T10:27:54 IST">
  <testcase classname="group1.Demo2" name="test1" time="0.01"/>
  <testcase classname="group1.Demo1" name="test1" time="0.002"/>
  <testcase classname="group1.Demo3" name="test1" time="0.0">
    <ignored/>
  </testcase> <!-- test1 -->
  <testcase classname="group1.Demo4" name="test1" time="0.0">
    <ignored/>
  </testcase> <!-- test1 -->
</testsuite> <!-- Test -->
